This is pdfTeX, Version 3.141592653-2.6-1.40.24 (TeX Live 2022) (preloaded format=pdflatex 2023.1.4)  12 MAR 2026 08:17
entering extended mode
 restricted \write18 enabled.
 %&-line parsing enabled.
**Anleitung.tex
(./Anleitung.tex
LaTeX2e <2022-11-01> patch level 1
L3 programming layer <2022-12-17>
(c:/texlive/2022/texmf-dist/tex/latex/base/article.cls
Document Class: article 2022/07/02 v1.4n Standard LaTeX document class
(c:/texlive/2022/texmf-dist/tex/latex/base/size11.clo
File: size11.clo 2022/07/02 v1.4n Standard LaTeX file (size option)
)
\c@part=\count185
\c@section=\count186
\c@subsection=\count187
\c@subsubsection=\count188
\c@paragraph=\count189
\c@subparagraph=\count190
\c@figure=\count191
\c@table=\count192
\abovecaptionskip=\skip48
\belowcaptionskip=\skip49
\bibindent=\dimen140
)
(c:/texlive/2022/texmf-dist/tex/latex/base/t1enc.sty
Package: t1enc 1994/06/01 Standard LaTeX package
)
(c:/texlive/2022/texmf-dist/tex/latex/base/inputenc.sty
Package: inputenc 2021/02/14 v1.3d Input encoding file
\inpenc@prehook=\toks16
\inpenc@posthook=\toks17

(c:/texlive/2022/texmf-dist/tex/latex/base/latin1.def
File: latin1.def 2021/02/14 v1.3d Input encoding file
))
(c:/texlive/2022/texmf-dist/tex/generic/babel/babel.sty
Package: babel 2022/12/26 3.84 The Babel package
\babel@savecnt=\count193
\U@D=\dimen141
\l@unhyphenated=\language87

(c:/texlive/2022/texmf-dist/tex/generic/babel/txtbabel.def)
\bbl@readstream=\read2
\bbl@dirlevel=\count194

(c:/texlive/2022/texmf-dist/tex/generic/babel-german/german.ldf
Language: german 2021/02/27 v2.13 German support for babel (pre-1996 orthograph
y)

(c:/texlive/2022/texmf-dist/tex/generic/babel-german/germanb.ldf
Language: germanb 2021/02/27 v2.13 German support for babel (pre-1996 orthograp
hy)
Package babel Info: Making " an active character on input line 139.
)))
(c:/texlive/2022/texmf-dist/tex/generic/babel/locale/de/babel-german.tex
Package babel Info: Importing font and identification data for german
(babel)             from babel-de-1901.ini. Reported on input line 25.
)
(c:/texlive/2022/texmf-dist/tex/latex/l3backend/l3backend-pdftex.def
File: l3backend-pdftex.def 2022-10-26 L3 backend support: PDF output (pdfTeX)
\l__color_backend_stack_int=\count195
\l__pdf_internal_box=\box51
)
No file Anleitung.aux.
\openout1 = `Anleitung.aux'.

LaTeX Font Info:    Checking defaults for OML/cmm/m/it on input line 20.
LaTeX Font Info:    ... okay on input line 20.
LaTeX Font Info:    Checking defaults for OMS/cmsy/m/n on input line 20.
LaTeX Font Info:    ... okay on input line 20.
LaTeX Font Info:    Checking defaults for OT1/cmr/m/n on input line 20.
LaTeX Font Info:    ... okay on input line 20.
LaTeX Font Info:    Checking defaults for T1/cmr/m/n on input line 20.
LaTeX Font Info:    ... okay on input line 20.
LaTeX Font Info:    Checking defaults for TS1/cmr/m/n on input line 20.
LaTeX Font Info:    ... okay on input line 20.
LaTeX Font Info:    Checking defaults for OMX/cmex/m/n on input line 20.
LaTeX Font Info:    ... okay on input line 20.
LaTeX Font Info:    Checking defaults for U/cmr/m/n on input line 20.
LaTeX Font Info:    ... okay on input line 20.
LaTeX Font Info:    Trying to load font information for T1+cmtt on input line 4
2.
(c:/texlive/2022/texmf-dist/tex/latex/base/t1cmtt.fd
File: t1cmtt.fd 2022/07/10 v2.5l Standard LaTeX font definitions
)
LaTeX Font Info:    Font shape `T1/cmtt/bx/n' in size <10.95> not available
(Font)              Font shape `T1/cmtt/m/n' tried instead on input line 48.
LaTeX Font Info:    External font `cmex10' loaded for size
(Font)              <10.95> on input line 74.
LaTeX Font Info:    External font `cmex10' loaded for size
(Font)              <8> on input line 74.
LaTeX Font Info:    External font `cmex10' loaded for size
(Font)              <6> on input line 74.
 [1

{c:/texlive/2022/texmf-var/fonts/map/pdftex/updmap/pdftex.map}]
LaTeX Font Info:    Font shape `T1/cmtt/bx/n' in size <12> not available
(Font)              Font shape `T1/cmtt/m/n' tried instead on input line 108.
 [2] [3] [4] (./Anleitung.aux) ) 
Here is how much of TeX's memory you used:
 1630 strings out of 476093
 29610 string characters out of 5795584
 1857787 words of memory out of 5000000
 22043 multiletter control sequences out of 15000+600000
 522174 words of font info for 52 fonts, out of 8000000 for 9000
 1141 hyphenation exceptions out of 8191
 42i,6n,52p,170b,257s stack positions out of 10000i,1000n,20000p,200000b,200000s
{c:/texlive/2022/texmf-dist/fonts/enc/dvips/cm-
super/cm-super-ts1.enc}{c:/texlive/2022/texmf-dist/fonts/enc/dvips/cm-super/cm-
super-t1.enc}<c:/texlive/2022/texmf-dist/fonts/type1/public/amsfonts/cm/cmsy10.
pfb><c:/texlive/2022/texmf-dist/fonts/type1/public/cm-super/sfbx1095.pfb><c:/te
xlive/2022/texmf-dist/fonts/type1/public/cm-super/sfbx1200.pfb><c:/texlive/2022
/texmf-dist/fonts/type1/public/cm-super/sfbx1440.pfb><c:/texlive/2022/texmf-dis
t/fonts/type1/public/cm-super/sfbx1728.pfb><c:/texlive/2022/texmf-dist/fonts/ty
pe1/public/cm-super/sfrm1095.pfb><c:/texlive/2022/texmf-dist/fonts/type1/public
/cm-super/sfrm1200.pfb><c:/texlive/2022/texmf-dist/fonts/type1/public/cm-super/
sftt1095.pfb><c:/texlive/2022/texmf-dist/fonts/type1/public/cm-super/sftt1200.p
fb>
Output written on Anleitung.pdf (4 pages, 164664 bytes).
PDF statistics:
 67 PDF objects out of 1000 (max. 8388607)
 41 compressed objects within 1 object stream
 0 named destinations out of 1000 (max. 500000)
 1 words of extra memory for PDF output out of 10000 (max. 10000000)

